
*** Running vivado
    with args -log system_logic.vds -m64 -product Vivado -mode batch -messageDb vivado.pb -notrace -source system_logic.tcl


ECHO 处于关闭状态。
ECHO 处于关闭状态。

****** Vivado v2023.2 (64-bit)
  **** SW Build 4029153 on Fri Oct 13 20:14:34 MDT 2023
  **** IP Build 4028589 on Sat Oct 14 00:45:43 MDT 2023
  **** SharedData Build 4025554 on Tue Oct 10 17:18:54 MDT 2023
    ** Copyright 1986-2022 Xilinx, Inc. All Rights Reserved.
    ** Copyright 2022-2023 Advanced Micro Devices, Inc. All Rights Reserved.

source system_logic.tcl -notrace
create_project: Time (s): cpu = 00:00:04 ; elapsed = 00:00:06 . Memory (MB): peak = 501.602 ; gain = 179.188
Command: read_checkpoint -auto_incremental -incremental D:/FPGA2/project_1/project_1.srcs/utils_1/imports/synth_1/system_logic.dcp
INFO: [Vivado 12-5825] Read reference checkpoint from D:/FPGA2/project_1/project_1.srcs/utils_1/imports/synth_1/system_logic.dcp for incremental synthesis
INFO: [Vivado 12-7989] Please ensure there are no constraint changes
Command: synth_design -top system_logic -part xc7a75tfgg484-2
Starting synth_design
Attempting to get a license for feature 'Synthesis' and/or device 'xc7a75t'
INFO: [Common 17-349] Got license for feature 'Synthesis' and/or device 'xc7a75t'
INFO: [Device 21-403] Loading part xc7a75tfgg484-2
INFO: [Designutils 20-5440] No compile time benefit to using incremental synthesis; A full resynthesis will be run
INFO: [Designutils 20-4379] Flow is switching to default flow due to incremental criteria not met. If you would like to alter this behaviour and have the flow terminate instead, please set the following parameter config_implementation {autoIncr.Synth.RejectBehavior Terminate}
INFO: [Synth 8-7079] Multithreading enabled for synth_design using a maximum of 2 processes.
INFO: [Synth 8-7078] Launching helper process for spawning children vivado processes
INFO: [Synth 8-7075] Helper process launched with PID 24116
---------------------------------------------------------------------------------
Starting RTL Elaboration : Time (s): cpu = 00:00:04 ; elapsed = 00:00:06 . Memory (MB): peak = 1369.254 ; gain = 440.414
---------------------------------------------------------------------------------
WARNING: [Synth 8-10388] /* is inside a comment [D:/FPGA2/lock1.v:484]
INFO: [Synth 8-6157] synthesizing module 'system_logic' [D:/FPGA2/lock1.v:350]
WARNING: [Synth 8-4446] all outputs are unconnected for this instance and logic may be removed [D:/FPGA2/lock1.v:378]
INFO: [Synth 8-6157] synthesizing module 'vio_0' [D:/FPGA2/project_1/project_1.runs/synth_1/.Xil/Vivado-11344-honer/realtime/vio_0_stub.v:6]
INFO: [Synth 8-6155] done synthesizing module 'vio_0' (0#1) [D:/FPGA2/project_1/project_1.runs/synth_1/.Xil/Vivado-11344-honer/realtime/vio_0_stub.v:6]
INFO: [Synth 8-6157] synthesizing module 'ERZP' [D:/FPGA2/lock1.v:1]
INFO: [Synth 8-6155] done synthesizing module 'ERZP' (0#1) [D:/FPGA2/lock1.v:1]
INFO: [Synth 8-6157] synthesizing module 'password_reg' [D:/FPGA2/lock1.v:16]
WARNING: [Synth 8-567] referenced signal 'identity' should be on the sensitivity list [D:/FPGA2/lock1.v:61]
WARNING: [Synth 8-567] referenced signal 'left_shift' should be on the sensitivity list [D:/FPGA2/lock1.v:61]
INFO: [Synth 8-226] default block is never used [D:/FPGA2/lock1.v:192]
INFO: [Synth 8-6155] done synthesizing module 'password_reg' (0#1) [D:/FPGA2/lock1.v:16]
WARNING: [Synth 8-689] width (2) of port connection 'state' does not match port width (1) of module 'password_reg' [D:/FPGA2/lock1.v:414]
INFO: [Synth 8-6157] synthesizing module 'password_check' [D:/FPGA2/lock1.v:294]
INFO: [Synth 8-6155] done synthesizing module 'password_check' (0#1) [D:/FPGA2/lock1.v:294]
WARNING: [Synth 8-4446] all outputs are unconnected for this instance and logic may be removed [D:/FPGA2/lock1.v:439]
INFO: [Synth 8-6157] synthesizing module 'timer' [D:/FPGA2/lock1.v:463]
INFO: [Synth 8-6155] done synthesizing module 'timer' (0#1) [D:/FPGA2/lock1.v:463]
INFO: [Synth 8-6155] done synthesizing module 'system_logic' (0#1) [D:/FPGA2/lock1.v:350]
INFO: [Synth 8-6071] Mark debug on the nets applies keep_hierarchy on instance 'pswd_reg'. This will prevent further optimization [D:/FPGA2/lock1.v:411]
INFO: [Synth 8-6071] Mark debug on the nets applies keep_hierarchy on instance 'pswd_check'. This will prevent further optimization [D:/FPGA2/lock1.v:425]
INFO: [Synth 8-6071] Mark debug on the nets applies keep_hierarchy on instance 'vio'. This will prevent further optimization [D:/FPGA2/lock1.v:378]
WARNING: [Synth 8-7129] Port state in module password_reg is either unconnected or has no load
WARNING: [Synth 8-7129] Port edit_switch in module password_reg is either unconnected or has no load
WARNING: [Synth 8-7129] Port key_button in module system_logic is either unconnected or has no load
---------------------------------------------------------------------------------
Finished RTL Elaboration : Time (s): cpu = 00:00:06 ; elapsed = 00:00:08 . Memory (MB): peak = 1479.797 ; gain = 550.957
---------------------------------------------------------------------------------
---------------------------------------------------------------------------------
Start Handling Custom Attributes
---------------------------------------------------------------------------------
---------------------------------------------------------------------------------
Finished Handling Custom Attributes : Time (s): cpu = 00:00:06 ; elapsed = 00:00:08 . Memory (MB): peak = 1479.797 ; gain = 550.957
---------------------------------------------------------------------------------
---------------------------------------------------------------------------------
Finished RTL Optimization Phase 1 : Time (s): cpu = 00:00:06 ; elapsed = 00:00:08 . Memory (MB): peak = 1479.797 ; gain = 550.957
---------------------------------------------------------------------------------
Netlist sorting complete. Time (s): cpu = 00:00:00 ; elapsed = 00:00:00.004 . Memory (MB): peak = 1479.797 ; gain = 0.000
INFO: [Project 1-570] Preparing netlist for logic optimization

Processing XDC Constraints
Initializing timing engine
Parsing XDC File [d:/FPGA2/project_1/project_1.gen/sources_1/ip/vio_0/vio_0/vio_0_in_context.xdc] for cell 'vio'
Finished Parsing XDC File [d:/FPGA2/project_1/project_1.gen/sources_1/ip/vio_0/vio_0/vio_0_in_context.xdc] for cell 'vio'
Parsing XDC File [D:/FPGA2/lock1.xdc]
Finished Parsing XDC File [D:/FPGA2/lock1.xdc]
INFO: [Project 1-236] Implementation specific constraints were found while reading constraint file [D:/FPGA2/lock1.xdc]. These constraints will be ignored for synthesis but will be used in implementation. Impacted constraints are listed in the file [.Xil/system_logic_propImpl.xdc].
Resolution: To avoid this warning, move constraints listed in [.Xil/system_logic_propImpl.xdc] to another XDC file and exclude this new file from synthesis with the used_in_synthesis property (File Properties dialog in GUI) and re-run elaboration/synthesis.
Completed Processing XDC Constraints

Netlist sorting complete. Time (s): cpu = 00:00:00 ; elapsed = 00:00:00 . Memory (MB): peak = 1533.273 ; gain = 0.000
INFO: [Project 1-111] Unisim Transformation Summary:
No Unisim elements were transformed.

系统找不到指定的路径。
Constraint Validation Runtime : Time (s): cpu = 00:00:00 ; elapsed = 00:00:00.003 . Memory (MB): peak = 1533.273 ; gain = 0.000
INFO: [Designutils 20-5440] No compile time benefit to using incremental synthesis; A full resynthesis will be run
INFO: [Designutils 20-4379] Flow is switching to default flow due to incremental criteria not met. If you would like to alter this behaviour and have the flow terminate instead, please set the following parameter config_implementation {autoIncr.Synth.RejectBehavior Terminate}
---------------------------------------------------------------------------------
Finished Constraint Validation : Time (s): cpu = 00:00:12 ; elapsed = 00:00:17 . Memory (MB): peak = 1533.273 ; gain = 604.434
---------------------------------------------------------------------------------
---------------------------------------------------------------------------------
Start Loading Part and Timing Information
---------------------------------------------------------------------------------
Loading part: xc7a75tfgg484-2
---------------------------------------------------------------------------------
Finished Loading Part and Timing Information : Time (s): cpu = 00:00:12 ; elapsed = 00:00:17 . Memory (MB): peak = 1533.273 ; gain = 604.434
---------------------------------------------------------------------------------
---------------------------------------------------------------------------------
Start Applying 'set_property' XDC Constraints
---------------------------------------------------------------------------------
Applied set_property KEEP_HIERARCHY = SOFT for vio. (constraint file  auto generated constraint).
---------------------------------------------------------------------------------
Finished applying 'set_property' XDC Constraints : Time (s): cpu = 00:00:12 ; elapsed = 00:00:17 . Memory (MB): peak = 1533.273 ; gain = 604.434
---------------------------------------------------------------------------------
WARNING: [Synth 8-327] inferring latch for variable 'q_reg' [D:/FPGA2/lock1.v:66]
WARNING: [Synth 8-327] inferring latch for variable 'new_pswd_reg' [D:/FPGA2/lock1.v:86]
WARNING: [Synth 8-327] inferring latch for variable 'state_reg' [D:/FPGA2/lock1.v:414]
---------------------------------------------------------------------------------
Finished RTL Optimization Phase 2 : Time (s): cpu = 00:00:13 ; elapsed = 00:00:17 . Memory (MB): peak = 1533.273 ; gain = 604.434
---------------------------------------------------------------------------------
---------------------------------------------------------------------------------
Start RTL Component Statistics 
---------------------------------------------------------------------------------
Detailed RTL Component Info : 
+---Adders : 
	   2 Input   32 Bit       Adders := 1     
	   2 Input    4 Bit       Adders := 6     
	   2 Input    2 Bit       Adders := 1     
+---Registers : 
	               32 Bit    Registers := 1     
	                8 Bit    Registers := 1     
	                7 Bit    Registers := 1     
	                4 Bit    Registers := 8     
	                2 Bit    Registers := 1     
	                1 Bit    Registers := 5     
+---Muxes : 
	   2 Input   16 Bit        Muxes := 4     
	   4 Input   16 Bit        Muxes := 1     
	   3 Input   16 Bit        Muxes := 1     
	   4 Input    7 Bit        Muxes := 1     
	   6 Input    7 Bit        Muxes := 1     
	   2 Input    7 Bit        Muxes := 4     
	   5 Input    7 Bit        Muxes := 1     
	   9 Input    4 Bit        Muxes := 1     
	   8 Input    4 Bit        Muxes := 1     
	   7 Input    4 Bit        Muxes := 1     
	   2 Input    4 Bit        Muxes := 2     
	   5 Input    3 Bit        Muxes := 1     
	   3 Input    1 Bit        Muxes := 3     
	   2 Input    1 Bit        Muxes := 7     
	   5 Input    1 Bit        Muxes := 1     
---------------------------------------------------------------------------------
Finished RTL Component Statistics 
---------------------------------------------------------------------------------
---------------------------------------------------------------------------------
Start Part Resource Summary
---------------------------------------------------------------------------------
Part Resources:
DSPs: 180 (col length:80)
BRAMs: 210 (col length: RAMB18 80 RAMB36 40)
---------------------------------------------------------------------------------
Finished Part Resource Summary
---------------------------------------------------------------------------------
---------------------------------------------------------------------------------
Start Cross Boundary and Area Optimization
---------------------------------------------------------------------------------
WARNING: [Synth 8-7080] Parallel synthesis criteria is not met
WARNING: [Synth 8-7129] Port state in module password_reg is either unconnected or has no load
WARNING: [Synth 8-7129] Port edit_switch in module password_reg is either unconnected or has no load
WARNING: [Synth 8-7129] Port key_button in module system_logic is either unconnected or has no load
---------------------------------------------------------------------------------
Finished Cross Boundary and Area Optimization : Time (s): cpu = 00:00:15 ; elapsed = 00:00:20 . Memory (MB): peak = 1533.273 ; gain = 604.434
---------------------------------------------------------------------------------
---------------------------------------------------------------------------------
Start Applying XDC Timing Constraints
---------------------------------------------------------------------------------
---------------------------------------------------------------------------------
Finished Applying XDC Timing Constraints : Time (s): cpu = 00:00:19 ; elapsed = 00:00:26 . Memory (MB): peak = 1533.273 ; gain = 604.434
---------------------------------------------------------------------------------
---------------------------------------------------------------------------------
Start Timing Optimization
---------------------------------------------------------------------------------
---------------------------------------------------------------------------------
Finished Timing Optimization : Time (s): cpu = 00:00:20 ; elapsed = 00:00:26 . Memory (MB): peak = 1533.273 ; gain = 604.434
---------------------------------------------------------------------------------
---------------------------------------------------------------------------------
Start Technology Mapping
---------------------------------------------------------------------------------
WARNING: [Synth 8-3332] Sequential element (state_reg[1]) is unused and will be removed from module system_logic.
---------------------------------------------------------------------------------
Finished Technology Mapping : Time (s): cpu = 00:00:20 ; elapsed = 00:00:27 . Memory (MB): peak = 1533.273 ; gain = 604.434
---------------------------------------------------------------------------------
---------------------------------------------------------------------------------
Start IO Insertion
---------------------------------------------------------------------------------
---------------------------------------------------------------------------------
Start Flattening Before IO Insertion
---------------------------------------------------------------------------------
---------------------------------------------------------------------------------
Finished Flattening Before IO Insertion
---------------------------------------------------------------------------------
---------------------------------------------------------------------------------
Start Final Netlist Cleanup
---------------------------------------------------------------------------------
INFO: [Synth 8-4649] Removing BlackBox instance timer_ of module timer having unconnected or no output ports
---------------------------------------------------------------------------------
Finished Final Netlist Cleanup
---------------------------------------------------------------------------------
---------------------------------------------------------------------------------
Finished IO Insertion : Time (s): cpu = 00:00:24 ; elapsed = 00:00:32 . Memory (MB): peak = 1533.273 ; gain = 604.434
---------------------------------------------------------------------------------
---------------------------------------------------------------------------------
Start Renaming Generated Instances
---------------------------------------------------------------------------------
---------------------------------------------------------------------------------
Finished Renaming Generated Instances : Time (s): cpu = 00:00:24 ; elapsed = 00:00:32 . Memory (MB): peak = 1533.273 ; gain = 604.434
---------------------------------------------------------------------------------
---------------------------------------------------------------------------------
Start Rebuilding User Hierarchy
---------------------------------------------------------------------------------
---------------------------------------------------------------------------------
Finished Rebuilding User Hierarchy : Time (s): cpu = 00:00:25 ; elapsed = 00:00:32 . Memory (MB): peak = 1533.273 ; gain = 604.434
---------------------------------------------------------------------------------
---------------------------------------------------------------------------------
Start Renaming Generated Ports
---------------------------------------------------------------------------------
---------------------------------------------------------------------------------
Finished Renaming Generated Ports : Time (s): cpu = 00:00:25 ; elapsed = 00:00:32 . Memory (MB): peak = 1533.273 ; gain = 604.434
---------------------------------------------------------------------------------
---------------------------------------------------------------------------------
Start Handling Custom Attributes
---------------------------------------------------------------------------------
---------------------------------------------------------------------------------
Finished Handling Custom Attributes : Time (s): cpu = 00:00:25 ; elapsed = 00:00:32 . Memory (MB): peak = 1533.273 ; gain = 604.434
---------------------------------------------------------------------------------
---------------------------------------------------------------------------------
Start Renaming Generated Nets
---------------------------------------------------------------------------------
---------------------------------------------------------------------------------
Finished Renaming Generated Nets : Time (s): cpu = 00:00:25 ; elapsed = 00:00:32 . Memory (MB): peak = 1533.273 ; gain = 604.434
---------------------------------------------------------------------------------
---------------------------------------------------------------------------------
Start Writing Synthesis Report
---------------------------------------------------------------------------------

Report BlackBoxes: 
+------+--------------+----------+
|      |BlackBox name |Instances |
+------+--------------+----------+
|1     |vio_0         |         1|
+------+--------------+----------+

Report Cell Usage: 
+------+-------+------+
|      |Cell   |Count |
+------+-------+------+
|1     |vio    |     1|
|2     |BUFG   |     1|
|3     |CARRY4 |    12|
|4     |LUT1   |    13|
|5     |LUT2   |    17|
|6     |LUT3   |    23|
|7     |LUT4   |    22|
|8     |LUT5   |    28|
|9     |LUT6   |    76|
|10    |FDRE   |    73|
|11    |FDSE   |     8|
|12    |LD     |    33|
|13    |IBUF   |     8|
|14    |OBUF   |    19|
+------+-------+------+
---------------------------------------------------------------------------------
Finished Writing Synthesis Report : Time (s): cpu = 00:00:25 ; elapsed = 00:00:32 . Memory (MB): peak = 1533.273 ; gain = 604.434
---------------------------------------------------------------------------------
Synthesis finished with 0 errors, 0 critical warnings and 8 warnings.
Synthesis Optimization Runtime : Time (s): cpu = 00:00:18 ; elapsed = 00:00:31 . Memory (MB): peak = 1533.273 ; gain = 550.957
Synthesis Optimization Complete : Time (s): cpu = 00:00:25 ; elapsed = 00:00:33 . Memory (MB): peak = 1533.273 ; gain = 604.434
INFO: [Project 1-571] Translating synthesized netlist
Netlist sorting complete. Time (s): cpu = 00:00:00 ; elapsed = 00:00:00.003 . Memory (MB): peak = 1533.273 ; gain = 0.000
INFO: [Netlist 29-17] Analyzing 45 Unisim elements for replacement
INFO: [Netlist 29-28] Unisim Transformation completed in 0 CPU seconds
INFO: [Project 1-570] Preparing netlist for logic optimization
INFO: [Opt 31-138] Pushed 0 inverter(s) to 0 load pin(s).
Netlist sorting complete. Time (s): cpu = 00:00:00 ; elapsed = 00:00:00 . Memory (MB): peak = 1533.273 ; gain = 0.000
INFO: [Project 1-111] Unisim Transformation Summary:
  A total of 33 instances were transformed.
  LD => LDCE: 33 instances

系统找不到指定的路径。
Synth Design complete | Checksum: 72c2b16a
INFO: [Common 17-83] Releasing license: Synthesis
38 Infos, 17 Warnings, 0 Critical Warnings and 0 Errors encountered.
synth_design completed successfully
synth_design: Time (s): cpu = 00:00:29 ; elapsed = 00:00:38 . Memory (MB): peak = 1533.273 ; gain = 1014.762
Write ShapeDB Complete: Time (s): cpu = 00:00:00 ; elapsed = 00:00:00.002 . Memory (MB): peak = 1533.273 ; gain = 0.000
INFO: [Common 17-1381] The checkpoint 'D:/FPGA2/project_1/project_1.runs/synth_1/system_logic.dcp' has been generated.
INFO: [runtcl-4] Executing : report_utilization -file system_logic_utilization_synth.rpt -pb system_logic_utilization_synth.pb
INFO: [Common 17-206] Exiting Vivado at Fri Aug 30 09:51:19 2024...
